[debug] [2025-11-21T04:41:29.411Z] ----------------------------------------------------------------------
[debug] [2025-11-21T04:41:29.413Z] Command:       C:\Program Files\nodejs\node.exe C:\Users\USUARIO\AppData\Roaming\npm\node_modules\firebase-tools\lib\bin\firebase.js init
[debug] [2025-11-21T04:41:29.413Z] CLI Version:   14.26.0
[debug] [2025-11-21T04:41:29.413Z] Platform:      win32
[debug] [2025-11-21T04:41:29.414Z] Node Version:  v24.11.1
[debug] [2025-11-21T04:41:29.414Z] Time:          Thu Nov 20 2025 22:41:29 GMT-0600 (hora estándar central)
[debug] [2025-11-21T04:41:29.414Z] ----------------------------------------------------------------------
[debug] 
[info] 
     ######## #### ########  ######## ########     ###     ######  ########
     ##        ##  ##     ## ##       ##     ##  ##   ##  ##       ##
     ######    ##  ########  ######   ########  #########  ######  ######
     ##        ##  ##    ##  ##       ##     ## ##     ##       ## ##
     ##       #### ##     ## ######## ########  ##     ##  ######  ########

You're about to initialize a Firebase project in this directory:

  C:\Users\USUARIO\Desktop\Global University\ADN\Aplicación

[debug] [2025-11-21T04:44:56.214Z] ExitPromptError: User force closed the prompt with SIGINT
    at Interface.sigint (C:\Users\USUARIO\AppData\Roaming\npm\node_modules\firebase-tools\node_modules\@inquirer\core\dist\commonjs\lib\create-prompt.js:101:37)
    at Interface.emit (node:events:508:28)
    at Interface.emit (node:domain:489:12)
    at [_ttyWrite] [as _ttyWrite] (node:internal/readline/interface:1317:18)
    at ReadStream.onkeypress (node:internal/readline/interface:284:20)
    at ReadStream.emit (node:events:520:35)
    at ReadStream.emit (node:domain:489:12)
    at emitKeys (node:internal/readline/utils:371:14)
    at emitKeys.next (<anonymous>)
    at ReadStream.onData (node:internal/readline/emitKeypressEvents:64:36)
[error] 
[error] Error: An unexpected error has occurred.
